<?xml version="1.0" encoding="UTF-8"?>
<testng-results ignored="0" total="2" passed="2" failed="0" skipped="0">
  <reporter-output>
  </reporter-output>
  <suite started-at="2022-12-15T22:47:33 CET" name="Default suite" finished-at="2022-12-15T22:47:54 CET" duration-ms="20776">
    <groups>
      <group name="cucumber">
        <method signature="AbstractTestNGCucumberTests.runScenario(io.cucumber.testng.PickleWrapper,io.cucumber.testng.FeatureWrapper)[pri:0, instance:run.RunIniciTest@793f29ff]" name="runScenario" class="io.cucumber.testng.AbstractTestNGCucumberTests"/>
      </group> <!-- cucumber -->
    </groups>
    <test started-at="2022-12-15T22:47:33 CET" name="Default test" finished-at="2022-12-15T22:47:54 CET" duration-ms="20776">
      <class name="run.RunIniciTest">
        <test-method is-config="true" signature="setUpClass(org.testng.ITestContext)[pri:0, instance:run.RunIniciTest@793f29ff]" started-at="2022-12-15T22:47:33 CET" name="setUpClass" finished-at="2022-12-15T22:47:34 CET" duration-ms="393" status="PASS">
          <params>
            <param index="0">
              <value>
                <![CDATA[org.testng.TestRunner@26c89563]]>
              </value>
            </param>
          </params>
          <reporter-output>
          </reporter-output>
        </test-method> <!-- setUpClass -->
        <test-method signature="runScenario(io.cucumber.testng.PickleWrapper,io.cucumber.testng.FeatureWrapper)[pri:0, instance:run.RunIniciTest@793f29ff]" started-at="2022-12-15T22:47:34 CET" name="runScenario" description="Runs Cucumber Scenarios" data-provider="scenarios" finished-at="2022-12-15T22:47:43 CET" duration-ms="9581" status="PASS">
          <params>
            <param index="0">
              <value>
                <![CDATA["Seleccio producte pagina principal"]]>
              </value>
            </param>
            <param index="1">
              <value>
                <![CDATA["OpenCart"]]>
              </value>
            </param>
          </params>
          <reporter-output>
          </reporter-output>
        </test-method> <!-- runScenario -->
        <test-method signature="runScenario(io.cucumber.testng.PickleWrapper,io.cucumber.testng.FeatureWrapper)[pri:0, instance:run.RunIniciTest@793f29ff]" started-at="2022-12-15T22:47:43 CET" name="runScenario" description="Runs Cucumber Scenarios" data-provider="scenarios" finished-at="2022-12-15T22:47:54 CET" duration-ms="10719" status="PASS">
          <params>
            <param index="0">
              <value>
                <![CDATA["Afegir una review dun producte"]]>
              </value>
            </param>
            <param index="1">
              <value>
                <![CDATA["OpenCart"]]>
              </value>
            </param>
          </params>
          <reporter-output>
          </reporter-output>
        </test-method> <!-- runScenario -->
        <test-method is-config="true" signature="tearDownClass()[pri:0, instance:run.RunIniciTest@793f29ff]" started-at="2022-12-15T22:47:54 CET" name="tearDownClass" finished-at="2022-12-15T22:47:54 CET" duration-ms="9" status="PASS">
          <reporter-output>
          </reporter-output>
        </test-method> <!-- tearDownClass -->
      </class> <!-- run.RunIniciTest -->
    </test> <!-- Default test -->
  </suite> <!-- Default suite -->
</testng-results>
