<?xml version="1.0" encoding="UTF-8"?>
<testng-results ignored="0" total="3" passed="3" failed="0" skipped="0">
  <reporter-output>
  </reporter-output>
  <suite started-at="2022-12-18T22:06:20 CET" name="Default suite" finished-at="2022-12-18T22:07:08 CET" duration-ms="47651">
    <groups>
      <group name="cucumber">
        <method signature="AbstractTestNGCucumberTests.runScenario(io.cucumber.testng.PickleWrapper,io.cucumber.testng.FeatureWrapper)[pri:0, instance:run.RunIniciTest@793f29ff]" name="runScenario" class="io.cucumber.testng.AbstractTestNGCucumberTests"/>
      </group> <!-- cucumber -->
    </groups>
    <test started-at="2022-12-18T22:06:20 CET" name="Default test" finished-at="2022-12-18T22:07:08 CET" duration-ms="47651">
      <class name="run.RunIniciTest">
        <test-method is-config="true" signature="setUpClass(org.testng.ITestContext)[pri:0, instance:run.RunIniciTest@793f29ff]" started-at="2022-12-18T22:06:20 CET" name="setUpClass" finished-at="2022-12-18T22:06:20 CET" duration-ms="264" status="PASS">
          <params>
            <param index="0">
              <value>
                <![CDATA[org.testng.TestRunner@45900b64]]>
              </value>
            </param>
          </params>
          <reporter-output>
          </reporter-output>
        </test-method> <!-- setUpClass -->
        <test-method signature="runScenario(io.cucumber.testng.PickleWrapper,io.cucumber.testng.FeatureWrapper)[pri:0, instance:run.RunIniciTest@793f29ff]" started-at="2022-12-18T22:06:20 CET" name="runScenario" description="Runs Cucumber Scenarios" data-provider="scenarios" finished-at="2022-12-18T22:06:31 CET" duration-ms="10228" status="PASS">
          <params>
            <param index="0">
              <value>
                <![CDATA["Intentar comprar productes quan la cistella es buida"]]>
              </value>
            </param>
            <param index="1">
              <value>
                <![CDATA["Comprar productes"]]>
              </value>
            </param>
          </params>
          <reporter-output>
          </reporter-output>
        </test-method> <!-- runScenario -->
        <test-method signature="runScenario(io.cucumber.testng.PickleWrapper,io.cucumber.testng.FeatureWrapper)[pri:0, instance:run.RunIniciTest@793f29ff]" started-at="2022-12-18T22:06:31 CET" name="runScenario" description="Runs Cucumber Scenarios" data-provider="scenarios" finished-at="2022-12-18T22:06:56 CET" duration-ms="25529" status="PASS">
          <params>
            <param index="0">
              <value>
                <![CDATA["Intentar comprar productes quan la cistella te productes desde un usuari convidat"]]>
              </value>
            </param>
            <param index="1">
              <value>
                <![CDATA["Comprar productes"]]>
              </value>
            </param>
          </params>
          <reporter-output>
          </reporter-output>
        </test-method> <!-- runScenario -->
        <test-method signature="runScenario(io.cucumber.testng.PickleWrapper,io.cucumber.testng.FeatureWrapper)[pri:0, instance:run.RunIniciTest@793f29ff]" started-at="2022-12-18T22:06:56 CET" name="runScenario" description="Runs Cucumber Scenarios" data-provider="scenarios" finished-at="2022-12-18T22:07:08 CET" duration-ms="11576" status="PASS">
          <params>
            <param index="0">
              <value>
                <![CDATA["Intentar comprar productes quan la cistella te productes desde un usuari loggejat"]]>
              </value>
            </param>
            <param index="1">
              <value>
                <![CDATA["Comprar productes"]]>
              </value>
            </param>
          </params>
          <reporter-output>
          </reporter-output>
        </test-method> <!-- runScenario -->
        <test-method is-config="true" signature="tearDownClass()[pri:0, instance:run.RunIniciTest@793f29ff]" started-at="2022-12-18T22:07:08 CET" name="tearDownClass" finished-at="2022-12-18T22:07:08 CET" duration-ms="9" status="PASS">
          <reporter-output>
          </reporter-output>
        </test-method> <!-- tearDownClass -->
      </class> <!-- run.RunIniciTest -->
    </test> <!-- Default test -->
  </suite> <!-- Default suite -->
</testng-results>
